<?xml version="1.0" encoding="UTF-8"?>
<!-- Generated by org.testng.reporters.JUnitReportReporter -->
<testsuite skipped="1" hostname="DEL-NGIRDHAR-LT" name="Test.Carloan" tests="7" failures="0" timestamp="08 Sep 2019 06:07:29 GMT" time="0.013" errors="0">
  <testcase name="inquirt3" time="0.002" classname="Test.Carloan"/>
  <testcase name="inquirt1" time="0.002" classname="Test.Carloan"/>
  <testcase name="inquirt3" time="0.002" classname="Test.Carloan"/>
  <testcase name="interestrate" time="0.002" classname="Test.Carloan"/>
  <testcase name="inquirt3" time="0.003" classname="Test.Carloan"/>
  <testcase name="inquirt2" time="0.002" classname="Test.Carloan"/>
  <testcase name="personalloaninquiry" classname="Test.Carloan">
    <skipped/>
  </testcase> <!-- personalloaninquiry -->
</testsuite> <!-- Test.Carloan -->
