<?xml version="1.0" encoding="UTF-8"?>
<!-- Generated by org.testng.reporters.JUnitReportReporter -->
<testsuite skipped="0" hostname="DEL-NGIRDHAR-LT" name="Test.HomeLoan" tests="2" failures="0" timestamp="08 Sep 2019 06:07:29 GMT" time="0.003" errors="0">
  <testcase name="Homeinterestrate" time="0.001" classname="Test.HomeLoan"/>
  <testcase name="personalloaninquiry" time="0.002" classname="Test.HomeLoan"/>
</testsuite> <!-- Test.HomeLoan -->
