<?xml version="1.0" encoding="UTF-8"?>
<!-- Generated by org.testng.reporters.JUnitReportReporter -->
<testsuite skipped="0" hostname="DEL-NGIRDHAR-LT" name="Test.PersonalLoan" tests="3" failures="0" timestamp="08 Sep 2019 06:07:29 GMT" time="0.012" errors="0">
  <testcase name="interestrate" time="0.006" classname="Test.PersonalLoan"/>
  <testcase name="interestrate2" time="0.003" classname="Test.PersonalLoan"/>
  <testcase name="interestrate1" time="0.003" classname="Test.PersonalLoan"/>
</testsuite> <!-- Test.PersonalLoan -->
